
<!DOCTYPE html>
<html>


<head>
	<meta charset='UTF-8' /> 
	<meta name='description' content='' />
	<meta name='robots' content='noodp, noydir' />
	<meta name='viewport' content='width=device-width, initial-scale=1' />
	<meta id="timeStampFormat" name="timeStampFormat" content='MMM d, yyyy hh:mm:ss a'/>
	
	<link href='https://fonts.googleapis.com/css?family=Source+Sans+Pro:400,600' rel='stylesheet' type='text/css'>
	<link href="https://fonts.googleapis.com/icon?family=Material+Icons" rel="stylesheet">

		<link href='https://cdn.rawgit.com/anshooarora/extentreports-java/b4a58fcfd1e137bd9287244035a7c80d3d73b3af/dist/css/extent.css' type='text/css' rel='stylesheet' />
	
	<title>nop commerce - Cucumber Framework</title>

	<style type='text/css'>
			
            

      
        
	</style>
</head>

	<body class='extent dark default hide-overflow bdd-report'>
		<div id='theme-selector' alt='Click to toggle theme. To enable by default, use theme configuration.' title='Click to toggle theme. To enable by default, use theme configuration.'>
			<span><i class='material-icons'>desktop_windows</i></span>
		</div>

<nav>
	<div class="nav-wrapper">
		<a href="#!" class="brand-logo blue darken-3">Extent</a>

		<!-- slideout menu -->
		<ul id='slide-out' class='side-nav fixed hide-on-med-and-down'>
			<li class='waves-effect active'><a href='#!' view='test-view' onclick="configureView(0);chartsView('test');"><i class='material-icons'>dashboard</i></a></li>
						<li class='waves-effect'><a href='#!' view='category-view' onclick="configureView(1)"><i class='material-icons'>label_outline</i></a></li>
			<li class='waves-effect'><a href='#!' view='exception-view' onclick="configureView(2)"><i class='material-icons'>bug_report</i></a></li>
			<li class='waves-effect'><a href='#!' onclick="configureView(-1);chartsView('dashboard');" view='dashboard-view'><i class='material-icons'>track_changes</i></i></a></li>
		</ul>

		<!-- report name -->
		<span class='report-name'>Nop commerce  Report</span>
		
		<!-- report headline -->
		<span class='report-headline'></span>

		<!-- nav-right -->
		<ul id='nav-mobile' class='right hide-on-med-and-down nav-right'>
			<li>
                <a href='#!'>
                    <span class='label suite-start-time blue darken-3'>May 17, 2022 05:25:34 PM</span>
				</a>
			</li>
			<li>
                <a href='#!'>
                    <span class='label blue darken-3'>3.1.2</span>
				</a>
			</li>
		</ul>
	</div>
</nav>

		<!-- container -->
		<div class='container'>

<div id='test-view' class='view'>
				
	<section id='controls'>
		<div class='controls grey lighten-4'>
			<!-- test toggle -->
			<div class='chip transparent'>
				<a class='dropdown-button tests-toggle' data-activates='tests-toggle' data-constrainwidth='true' data-beloworigin='true' data-hover='true' href='#'>
					<i class='material-icons'>warning</i> Status
				</a>
				<ul id='tests-toggle' class='dropdown-content'>
											<li status='pass'><a href='#!'>Pass <i class='material-icons green-text'>check_circle</i></a></li>
						<li status='fail'><a href='#!'>Fail <i class='material-icons red-text'>cancel</i></a></li>
						<li status='skip'><a href='#!'>Skip <i class='material-icons cyan-text'>redo</i></a></li>
					<li class='divider'></li>
					<li status='clear' clear='true'><a href='#!'>Clear Filters <i class='material-icons'>clear</i></a></li>
				</ul>
			</div>
			<!-- test toggle -->

			<!-- category toggle -->
			<div class='chip transparent'>
				<a class='dropdown-button category-toggle' data-activates='category-toggle' data-constrainwidth='false' data-beloworigin='true' data-hover='true' href='#'>
					<i class='material-icons'>local_offer</i> Category
				</a>
				<ul id='category-toggle' class='dropdown-content'>
					<li><a href='#'>@sanity</a></li>
					<li class='divider'></li>
					<li class='clear'><a href='#!' clear='true'>Clear Filters</a></li>
				</ul>
			</div>
			<!-- category toggle -->

			<!-- clear filters -->
			<div class='chip transparent hide'>
				<a class='' id='clear-filters' alt='Clear Filters' title='Clear Filters'>
					<i class='material-icons'>close</i> Clear
				</a>
			</div>
			<!-- clear filters -->

			<!-- enable dashboard -->
			<div id='toggle-test-view-charts' class='chip transparent'>
				<a class='pink-text' id='enable-dashboard' alt='Enable Dashboard' title='Enable Dashboard'>
					<i class='material-icons'>track_changes</i> Dashboard
				</a>
			</div>
			<!-- enable dashboard -->

			<!-- search -->
			<div class='chip transparent' alt='Search Tests' title='Search Tests'>
				<a href="#" class='search-div'>
					<i class='material-icons'>search</i> Search
				</a>

				<div class='input-field left hide'>
					<input id='search-tests' type='text' class='validate browser-default' placeholder='Search Tests...'>
				</div>
				
			</div>
			<!-- search -->
		</div>
	</section>


<div id='test-view-charts' class='subview-full'>
	<div id='charts-row' class='row nm-v nm-h'>
		<div class='col s12 m4 l4 np-h'>
			<div class='card-panel nm-v'>
				<div class='left panel-name'>Features</div>
				<div class='chart-box'>
					<canvas id='parent-analysis' width='100' height='80'></canvas>
				</div>
				<div class='block text-small'>
					<span class='tooltipped' data-position='top' data-tooltip='33.333%'><span class='strong'>1</span> feature(s) passed</span>
				</div>
				<div class='block text-small'>
					<span class='strong tooltipped' data-position='top' data-tooltip='66.667%'>2</span> feature(s) failed, <span class='strong tooltipped' data-position='top' data-tooltip='0%'>0</span> others
				</div>
			</div>
		</div>
		
		<div class='col s12 m4 l4 np-h'>
			<div class='card-panel nm-v'>
				<div class='left panel-name'>Scenarios</div>
				<div class='chart-box'>
					<canvas id='child-analysis' width='100' height='80'></canvas>
				</div>
				<div class='block text-small'>
					<span class='tooltipped' data-position='top' data-tooltip='78.571%'><span class='strong'>11</span> scenario(s) passed</span>
				</div>
				<div class='block text-small'>
					<span class='strong tooltipped' data-position='top' data-tooltip='21.429%'>3</span> scenario(s) failed, <span class='strong tooltipped' data-position='top' data-tooltip='0%'>0</span> others
				</div>
			</div>
		</div>
		
		<div class='col s12 m4 l4 np-h'>
			<div class='card-panel nm-v'>
				<div class='left panel-name'>Steps</div>
				<div class='chart-box'>
					<canvas id='grandchild-analysis' width='100' height='80'></canvas>
				</div>
				<div class='block text-small'>
					<span class='tooltipped' data-position='top' data-tooltip='86.111%'><span class='strong'>93</span> step(s) passed</span>
				</div>
				<div class='block text-small'>
					<span class='strong tooltipped' data-position='top' data-tooltip='2.778%'>3</span> step(s) failed, <span class='strong tooltipped' data-position='top' data-tooltip='11.111%'>12</span> others
				</div>
			</div>
		</div>
	</div>
</div>

	<div class='subview-left left'>
		
		<div class='view-summary'>
			<h5>Features</h5>
			<ul id='test-collection' class='test-collection'>
				
				
				<li class='test displayed active has-leaf pass' status='pass' bdd='true' test-id='1'>
					<div class='test-heading'>
						<span class='test-name'>computer page test</span>
						<span class='test-time'>May 17, 2022 05:25:34 PM</span>
						<span class='test-status right pass'>pass</span>
					</div>
					<div class='test-content hide'>
<div class='scenario node' test-id='2' status='pass'>
	<span class='duration right label'>0h 0m 5s+13ms</span>
	<div class='desc'>
		<b>Scenario</b>
		<span class="desc-text">verify User Should Navigate To Computer Page SuccessfullyWhen    I click on Computers tab</span>
	</div>
	<ul class='steps'>
		<li test-id='3' class='node then pass' status='pass'>
			
			<b>Then</b>
			
			<span class="bdd-step-name">Then I should be navigated to computer page</span>
				<div class='pre'>passed</div>
			
		</li>
	</ul>
</div>
<div class='scenario node' test-id='4' status='pass'>
	<div class='category-list'>
		<span class='category label white-text'>@sanity</span>
	</div>
	<span class='duration right label'>0h 0m 3s+998ms</span>
	<div class='desc'>
		<b>Scenario</b>
		<span class="desc-text">verify User Should Navigate To Desktops Page Successfully</span>
	</div>
	<ul class='steps'>
		<li test-id='5' class='node given pass' status='pass'>
			
			<b>Given</b>
			
			<span class="bdd-step-name">Given I am on home page for shopping</span>
				<div class='pre'>passed</div>
			
		</li>
		<li test-id='6' class='node when pass' status='pass'>
			
			<b>When</b>
			
			<span class="bdd-step-name">When I click on Computers tab</span>
				<div class='pre'>passed</div>
			
		</li>
		<li test-id='7' class='node and pass' status='pass'>
			
			<b>And</b>
			
			<span class="bdd-step-name">And I click on desktops link</span>
				<div class='pre'>passed</div>
			
		</li>
		<li test-id='8' class='node then pass' status='pass'>
			
			<b>Then</b>
			
			<span class="bdd-step-name">Then I should be navigated to desktop page</span>
				<div class='pre'>passed</div>
			
		</li>
		<li test-id='9' class='node and pass' status='pass'>
			
			<b>And</b>
			
			<span class="bdd-step-name">And Desktop Text should be visible</span>
				<div class='pre'>passed</div>
			
		</li>
	</ul>
</div>
<div class='scenariooutline node' test-id='10' status='pass'>
	<span class='duration right label'>0h 0m 16s+804ms</span>
	<div class='desc'>
		<b>ScenarioOutline</b>
		<span class="desc-text">I should able to select my own build computer</span>
	</div>
	<ul class='steps'>
		<li test-id='11' class='node scenario pass' status='pass'>
			
			<b>Scenario</b>
			
			<span class="bdd-step-name">I should able to select my own build computer</span>
			
				<ul class='steps'>
					<li test-id='12' class='node given pass' status='pass'><b>Given</b>
						<span class="bdd-step-name">Given I am on home page for shopping</span>
							<div class='pre'>passed</div>
					</li>
					<li test-id='13' class='node when pass' status='pass'><b>When</b>
						<span class="bdd-step-name">When I click on Computers tab</span>
							<div class='pre'>passed</div>
					</li>
					<li test-id='14' class='node and pass' status='pass'><b>And</b>
						<span class="bdd-step-name">And I click on desktops link</span>
							<div class='pre'>passed</div>
					</li>
					<li test-id='15' class='node and pass' status='pass'><b>And</b>
						<span class="bdd-step-name">And I select desktop product Build your own computer</span>
							<div class='pre'>passed</div>
					</li>
					<li test-id='16' class='node and pass' status='pass'><b>And</b>
						<span class="bdd-step-name">And I select processor "2.2 GHz Intel Pentium Dual-Core E2200"</span>
							<div class='pre'>passed</div>
					</li>
					<li test-id='17' class='node and pass' status='pass'><b>And</b>
						<span class="bdd-step-name">And I select ram "2 GB"</span>
							<div class='pre'>passed</div>
					</li>
					<li test-id='18' class='node and pass' status='pass'><b>And</b>
						<span class="bdd-step-name">And I select hdd "320 GB"</span>
							<div class='pre'>passed</div>
					</li>
					<li test-id='19' class='node and pass' status='pass'><b>And</b>
						<span class="bdd-step-name">And I select os "Vista Home [+$50.00]"</span>
							<div class='pre'>passed</div>
					</li>
					<li test-id='20' class='node and pass' status='pass'><b>And</b>
						<span class="bdd-step-name">And I select software "Microsoft Office [+$50.00]"</span>
							<div class='pre'>passed</div>
					</li>
					<li test-id='21' class='node and pass' status='pass'><b>And</b>
						<span class="bdd-step-name">And I click on add to cart button</span>
							<div class='pre'>passed</div>
					</li>
					<li test-id='22' class='node then pass' status='pass'><b>Then</b>
						<span class="bdd-step-name">Then I am successfully select my own build computer</span>
							<div class='pre'>passed</div>
					</li>
					<li test-id='23' class='node and pass' status='pass'><b>And</b>
						<span class="bdd-step-name">And I can see the addtocart message "The product has been added to your shopping cart"</span>
							<div class='pre'>passed</div>
					</li>
				</ul>
		</li>
		<li test-id='24' class='node scenario pass' status='pass'>
			
			<b>Scenario</b>
			
			<span class="bdd-step-name">I should able to select my own build computer</span>
			
				<ul class='steps'>
					<li test-id='25' class='node given pass' status='pass'><b>Given</b>
						<span class="bdd-step-name">Given I am on home page for shopping</span>
							<div class='pre'>passed</div>
					</li>
					<li test-id='26' class='node when pass' status='pass'><b>When</b>
						<span class="bdd-step-name">When I click on Computers tab</span>
							<div class='pre'>passed</div>
					</li>
					<li test-id='27' class='node and pass' status='pass'><b>And</b>
						<span class="bdd-step-name">And I click on desktops link</span>
							<div class='pre'>passed</div>
					</li>
					<li test-id='28' class='node and pass' status='pass'><b>And</b>
						<span class="bdd-step-name">And I select desktop product Build your own computer</span>
							<div class='pre'>passed</div>
					</li>
					<li test-id='29' class='node and pass' status='pass'><b>And</b>
						<span class="bdd-step-name">And I select processor "2.5 GHz Intel Pentium Dual-Core E2200 [+$15.00]"</span>
							<div class='pre'>passed</div>
					</li>
					<li test-id='30' class='node and pass' status='pass'><b>And</b>
						<span class="bdd-step-name">And I select ram "4GB [+$20.00]"</span>
							<div class='pre'>passed</div>
					</li>
					<li test-id='31' class='node and pass' status='pass'><b>And</b>
						<span class="bdd-step-name">And I select hdd "400 GB [+$100.00]"</span>
							<div class='pre'>passed</div>
					</li>
					<li test-id='32' class='node and pass' status='pass'><b>And</b>
						<span class="bdd-step-name">And I select os "Vista Premium [+$60.00]"</span>
							<div class='pre'>passed</div>
					</li>
					<li test-id='33' class='node and pass' status='pass'><b>And</b>
						<span class="bdd-step-name">And I select software "Acrobat Reader [+$10.00]"</span>
							<div class='pre'>passed</div>
					</li>
					<li test-id='34' class='node and pass' status='pass'><b>And</b>
						<span class="bdd-step-name">And I click on add to cart button</span>
							<div class='pre'>passed</div>
					</li>
					<li test-id='35' class='node then pass' status='pass'><b>Then</b>
						<span class="bdd-step-name">Then I am successfully select my own build computer</span>
							<div class='pre'>passed</div>
					</li>
					<li test-id='36' class='node and pass' status='pass'><b>And</b>
						<span class="bdd-step-name">And I can see the addtocart message "The product has been added to your shopping cart"</span>
							<div class='pre'>passed</div>
					</li>
				</ul>
		</li>
		<li test-id='37' class='node scenario pass' status='pass'>
			
			<b>Scenario</b>
			
			<span class="bdd-step-name">I should able to select my own build computer</span>
			
				<ul class='steps'>
					<li test-id='38' class='node given pass' status='pass'><b>Given</b>
						<span class="bdd-step-name">Given I am on home page for shopping</span>
							<div class='pre'>passed</div>
					</li>
					<li test-id='39' class='node when pass' status='pass'><b>When</b>
						<span class="bdd-step-name">When I click on Computers tab</span>
							<div class='pre'>passed</div>
					</li>
					<li test-id='40' class='node and pass' status='pass'><b>And</b>
						<span class="bdd-step-name">And I click on desktops link</span>
							<div class='pre'>passed</div>
					</li>
					<li test-id='41' class='node and pass' status='pass'><b>And</b>
						<span class="bdd-step-name">And I select desktop product Build your own computer</span>
							<div class='pre'>passed</div>
					</li>
					<li test-id='42' class='node and pass' status='pass'><b>And</b>
						<span class="bdd-step-name">And I select processor "2.5 GHz Intel Pentium Dual-Core E2200 [+$15.00]"</span>
							<div class='pre'>passed</div>
					</li>
					<li test-id='43' class='node and pass' status='pass'><b>And</b>
						<span class="bdd-step-name">And I select ram "8GB [+$60.00]"</span>
							<div class='pre'>passed</div>
					</li>
					<li test-id='44' class='node and pass' status='pass'><b>And</b>
						<span class="bdd-step-name">And I select hdd "320 GB"</span>
							<div class='pre'>passed</div>
					</li>
					<li test-id='45' class='node and pass' status='pass'><b>And</b>
						<span class="bdd-step-name">And I select os "Vista Home [+$50.00]"</span>
							<div class='pre'>passed</div>
					</li>
					<li test-id='46' class='node and pass' status='pass'><b>And</b>
						<span class="bdd-step-name">And I select software "Total Commander [+$5.00]"</span>
							<div class='pre'>passed</div>
					</li>
					<li test-id='47' class='node and pass' status='pass'><b>And</b>
						<span class="bdd-step-name">And I click on add to cart button</span>
							<div class='pre'>passed</div>
					</li>
					<li test-id='48' class='node then pass' status='pass'><b>Then</b>
						<span class="bdd-step-name">Then I am successfully select my own build computer</span>
							<div class='pre'>passed</div>
					</li>
					<li test-id='49' class='node and pass' status='pass'><b>And</b>
						<span class="bdd-step-name">And I can see the addtocart message "The product has been added to your shopping cart"</span>
							<div class='pre'>passed</div>
					</li>
				</ul>
		</li>
	</ul>
</div>
					</div>
				</li>
				
				
				<li class='test displayed active has-leaf fail' status='fail' bdd='true' test-id='50'>
					<div class='test-heading'>
						<span class='test-name'>Login Test</span>
						<span class='test-time'>May 17, 2022 05:26:02 PM</span>
						<span class='test-status right fail'>fail</span>
					</div>
					<div class='test-content hide'>
<div class='scenario node' test-id='51' status='pass'>
	<span class='duration right label'>0h 0m 2s+876ms</span>
	<div class='desc'>
		<b>Scenario</b>
		<span class="desc-text">User should navigate to the log in page successfully</span>
	</div>
	<ul class='steps'>
		<li test-id='52' class='node given pass' status='pass'>
			
			<b>Given</b>
			
			<span class="bdd-step-name">Given I am on home page</span>
				<div class='pre'>passed</div>
			
		</li>
		<li test-id='53' class='node when pass' status='pass'>
			
			<b>When</b>
			
			<span class="bdd-step-name">When I click on login link</span>
				<div class='pre'>passed</div>
			
		</li>
		<li test-id='54' class='node then pass' status='pass'>
			
			<b>Then</b>
			
			<span class="bdd-step-name">Then I should navigate to log in page successfully</span>
				<div class='pre'>passed</div>
			
		</li>
	</ul>
</div>
<div class='scenariooutline node' test-id='55' status='pass'>
	<span class='duration right label'>0h 0m 13s+320ms</span>
	<div class='desc'>
		<b>ScenarioOutline</b>
		<span class="desc-text">verify the error message with  invalid credentials</span>
	</div>
	<ul class='steps'>
		<li test-id='56' class='node scenario pass' status='pass'>
			
			<b>Scenario</b>
			
			<span class="bdd-step-name">verify the error message with  invalid credentials</span>
			
				<ul class='steps'>
					<li test-id='57' class='node given pass' status='pass'><b>Given</b>
						<span class="bdd-step-name">Given I am on home page</span>
							<div class='pre'>passed</div>
					</li>
					<li test-id='58' class='node when pass' status='pass'><b>When</b>
						<span class="bdd-step-name">When I click on login link</span>
							<div class='pre'>passed</div>
					</li>
					<li test-id='59' class='node and pass' status='pass'><b>And</b>
						<span class="bdd-step-name">And I enter invalid email "abcd123@gmail.com"</span>
							<div class='pre'>passed</div>
					</li>
					<li test-id='60' class='node and pass' status='pass'><b>And</b>
						<span class="bdd-step-name">And I enter invalid password "xyz123"</span>
							<div class='pre'>passed</div>
					</li>
					<li test-id='61' class='node and pass' status='pass'><b>And</b>
						<span class="bdd-step-name">And I click on login button</span>
							<div class='pre'>passed</div>
					</li>
					<li test-id='62' class='node then pass' status='pass'><b>Then</b>
						<span class="bdd-step-name">Then I should see the error message "Login was unsuccessful. Please correct the errors and try again.
No customer account found"</span>
							<div class='pre'>passed</div>
					</li>
				</ul>
		</li>
		<li test-id='63' class='node scenario pass' status='pass'>
			
			<b>Scenario</b>
			
			<span class="bdd-step-name">verify the error message with  invalid credentials</span>
			
				<ul class='steps'>
					<li test-id='64' class='node given pass' status='pass'><b>Given</b>
						<span class="bdd-step-name">Given I am on home page</span>
							<div class='pre'>passed</div>
					</li>
					<li test-id='65' class='node when pass' status='pass'><b>When</b>
						<span class="bdd-step-name">When I click on login link</span>
							<div class='pre'>passed</div>
					</li>
					<li test-id='66' class='node and pass' status='pass'><b>And</b>
						<span class="bdd-step-name">And I enter invalid email "xyz123@gmail.com"</span>
							<div class='pre'>passed</div>
					</li>
					<li test-id='67' class='node and pass' status='pass'><b>And</b>
						<span class="bdd-step-name">And I enter invalid password "abc123"</span>
							<div class='pre'>passed</div>
					</li>
					<li test-id='68' class='node and pass' status='pass'><b>And</b>
						<span class="bdd-step-name">And I click on login button</span>
							<div class='pre'>passed</div>
					</li>
					<li test-id='69' class='node then pass' status='pass'><b>Then</b>
						<span class="bdd-step-name">Then I should see the error message "Login was unsuccessful. Please correct the errors and try again.
No customer account found"</span>
							<div class='pre'>passed</div>
					</li>
				</ul>
		</li>
		<li test-id='70' class='node scenario pass' status='pass'>
			
			<b>Scenario</b>
			
			<span class="bdd-step-name">verify the error message with  invalid credentials</span>
			
				<ul class='steps'>
					<li test-id='71' class='node given pass' status='pass'><b>Given</b>
						<span class="bdd-step-name">Given I am on home page</span>
							<div class='pre'>passed</div>
					</li>
					<li test-id='72' class='node when pass' status='pass'><b>When</b>
						<span class="bdd-step-name">When I click on login link</span>
							<div class='pre'>passed</div>
					</li>
					<li test-id='73' class='node and pass' status='pass'><b>And</b>
						<span class="bdd-step-name">And I enter invalid email "adfafasd@gmail.com"</span>
							<div class='pre'>passed</div>
					</li>
					<li test-id='74' class='node and pass' status='pass'><b>And</b>
						<span class="bdd-step-name">And I enter invalid password "xyz123"</span>
							<div class='pre'>passed</div>
					</li>
					<li test-id='75' class='node and pass' status='pass'><b>And</b>
						<span class="bdd-step-name">And I click on login button</span>
							<div class='pre'>passed</div>
					</li>
					<li test-id='76' class='node then pass' status='pass'><b>Then</b>
						<span class="bdd-step-name">Then I should see the error message "Login was unsuccessful. Please correct the errors and try again.
No customer account found"</span>
							<div class='pre'>passed</div>
					</li>
				</ul>
		</li>
	</ul>
</div>
<div class='scenario node' test-id='77' status='fail'>
	<span class='duration right label'>0h 0m 44s+259ms</span>
	<div class='desc'>
		<b>Scenario</b>
		<span class="desc-text">User should login successfuly with valid credentials</span>
	</div>
	<ul class='steps'>
		<li test-id='78' class='node given pass' status='pass'>
			
			<b>Given</b>
			
			<span class="bdd-step-name">Given I am on home page</span>
				<div class='pre'>passed</div>
			
		</li>
		<li test-id='79' class='node when pass' status='pass'>
			
			<b>When</b>
			
			<span class="bdd-step-name">When I click on login link</span>
				<div class='pre'>passed</div>
			
		</li>
		<li test-id='80' class='node and pass' status='pass'>
			
			<b>And</b>
			
			<span class="bdd-step-name">And I enter valid email "nakranijalpa@gmail.com"</span>
				<div class='pre'>passed</div>
			
		</li>
		<li test-id='81' class='node and pass' status='pass'>
			
			<b>And</b>
			
			<span class="bdd-step-name">And I enter valid password "123456"</span>
				<div class='pre'>passed</div>
			
		</li>
		<li test-id='82' class='node and pass' status='pass'>
			
			<b>And</b>
			
			<span class="bdd-step-name">And I click on login button</span>
				<div class='pre'>passed</div>
			
		</li>
		<li test-id='83' class='node then pass' status='pass'>
			
			<b>Then</b>
			
			<span class="bdd-step-name">Then I should login successfully</span>
				<div class='pre'>passed</div>
			
		</li>
		<li test-id='84' class='node and fail' status='fail'>
			
			<b>And</b>
			
			<span class="bdd-step-name">And Logout Button should be displayed</span>
			<ul class='screenshots right'>
				<li><a data-featherlight="image" href="C:\Users\nakra\IdeaProjects\homework_week_15_project2/src/main/java/com/nopcommerce/demo/screenshots/User_should_login_successfuly_with_valid_credentials20220517052704.png"><i class='material-icons'>panorama</i></a></li>
			</ul>
				<div class='pre'><pre>org.openqa.selenium.NoSuchElementException: no such element: Unable to locate element: {"method":"xpath","selector":"//a[@class='ico-logout']"}
  (Session info: chrome=101.0.4951.67)
For documentation on this error, please visit: https://selenium.dev/exceptions/#no_such_element
Build info: version: '4.0.0', revision: '3a21814679'
System info: host: 'LAPTOP-09BGILIP', ip: '192.168.0.19', os.name: 'Windows 10', os.arch: 'amd64', os.version: '10.0', java.version: '1.8.0_121'
Driver info: org.openqa.selenium.chrome.ChromeDriver
Command: [d2061a4434a97efc5b8c0d83842519f6, findElement {using=xpath, value=//a[@class='ico-logout']}]
Capabilities {acceptInsecureCerts: false, browserName: chrome, browserVersion: 101.0.4951.67, chrome: {chromedriverVersion: 101.0.4951.41 (93c720db8323..., userDataDir: C:\Users\nakra\AppData\Loca...}, goog:chromeOptions: {debuggerAddress: localhost:49831}, javascriptEnabled: true, networkConnectionEnabled: false, pageLoadStrategy: normal, platform: WINDOWS, platformName: WINDOWS, proxy: Proxy(), se:cdp: ws://localhost:49831/devtoo..., se:cdpVersion: 101.0.4951.67, setWindowRect: true, strictFileInteractability: false, timeouts: {implicit: 0, pageLoad: 300000, script: 30000}, unhandledPromptBehavior: dismiss and notify, webauthn:extension:credBlob: true, webauthn:extension:largeBlob: true, webauthn:virtualAuthenticators: true}
Session ID: d2061a4434a97efc5b8c0d83842519f6
	at sun.reflect.NativeConstructorAccessorImpl.newInstance0(Native Method)
	at sun.reflect.NativeConstructorAccessorImpl.newInstance(NativeConstructorAccessorImpl.java:62)
	at sun.reflect.DelegatingConstructorAccessorImpl.newInstance(DelegatingConstructorAccessorImpl.java:45)
	at java.lang.reflect.Constructor.newInstance(Constructor.java:423)
	at org.openqa.selenium.remote.codec.w3c.W3CHttpResponseCodec.createException(W3CHttpResponseCodec.java:200)
	at org.openqa.selenium.remote.codec.w3c.W3CHttpResponseCodec.decode(W3CHttpResponseCodec.java:133)
	at org.openqa.selenium.remote.codec.w3c.W3CHttpResponseCodec.decode(W3CHttpResponseCodec.java:53)
	at org.openqa.selenium.remote.HttpCommandExecutor.execute(HttpCommandExecutor.java:184)
	at org.openqa.selenium.remote.service.DriverCommandExecutor.invokeExecute(DriverCommandExecutor.java:164)
	at org.openqa.selenium.remote.service.DriverCommandExecutor.execute(DriverCommandExecutor.java:139)
	at org.openqa.selenium.remote.RemoteWebDriver.execute(RemoteWebDriver.java:559)
	at org.openqa.selenium.remote.ElementLocation$ElementFinder$2.findElement(ElementLocation.java:162)
	at org.openqa.selenium.remote.ElementLocation.findElement(ElementLocation.java:60)
	at org.openqa.selenium.remote.RemoteWebDriver.findElement(RemoteWebDriver.java:383)
	at org.openqa.selenium.remote.RemoteWebDriver.findElement(RemoteWebDriver.java:375)
	at org.openqa.selenium.support.pagefactory.DefaultElementLocator.findElement(DefaultElementLocator.java:70)
	at org.openqa.selenium.support.pagefactory.internal.LocatingElementHandler.invoke(LocatingElementHandler.java:39)
	at com.sun.proxy.$Proxy23.isDisplayed(Unknown Source)
	at com.nopcommerce.demo.pages.LoginHomePage.logOutButonDisplayed(LoginHomePage.java:23)
	at com.nopcommerce.demo.steps.LoginSteps.logoutButtonShouldBeDisplayed(LoginSteps.java:67)
	at ✽.And Logout Button should be displayed(login.feature:34)
</pre></div>
			
		</li>
	</ul>
</div>
<div class='scenario node' test-id='85' status='fail'>
	<span class='duration right label'>0h 0m 23s+203ms</span>
	<div class='desc'>
		<b>Scenario</b>
		<span class="desc-text">Verify That User Should LogOut SuccessFully</span>
	</div>
	<ul class='steps'>
		<li test-id='86' class='node given pass' status='pass'>
			
			<b>Given</b>
			
			<span class="bdd-step-name">Given I am on home page</span>
				<div class='pre'>passed</div>
			
		</li>
		<li test-id='87' class='node when pass' status='pass'>
			
			<b>When</b>
			
			<span class="bdd-step-name">When I click on login link</span>
				<div class='pre'>passed</div>
			
		</li>
		<li test-id='88' class='node and pass' status='pass'>
			
			<b>And</b>
			
			<span class="bdd-step-name">And I enter valid email "nakranijalpa@gmail.com"</span>
				<div class='pre'>passed</div>
			
		</li>
		<li test-id='89' class='node and pass' status='pass'>
			
			<b>And</b>
			
			<span class="bdd-step-name">And I enter valid password "123456"</span>
				<div class='pre'>passed</div>
			
		</li>
		<li test-id='90' class='node and pass' status='pass'>
			
			<b>And</b>
			
			<span class="bdd-step-name">And I click on login button</span>
				<div class='pre'>passed</div>
			
		</li>
		<li test-id='91' class='node and pass' status='pass'>
			
			<b>And</b>
			
			<span class="bdd-step-name">And I should login successfully</span>
				<div class='pre'>passed</div>
			
		</li>
		<li test-id='92' class='node and fail' status='fail'>
			
			<b>And</b>
			
			<span class="bdd-step-name">And I click on logOut link</span>
				<div class='pre'><pre>org.openqa.selenium.NoSuchElementException: no such element: Unable to locate element: {"method":"xpath","selector":"//a[@class='ico-logout']"}
  (Session info: chrome=101.0.4951.67)
For documentation on this error, please visit: https://selenium.dev/exceptions/#no_such_element
Build info: version: '4.0.0', revision: '3a21814679'
System info: host: 'LAPTOP-09BGILIP', ip: '192.168.0.19', os.name: 'Windows 10', os.arch: 'amd64', os.version: '10.0', java.version: '1.8.0_121'
Driver info: org.openqa.selenium.chrome.ChromeDriver
Command: [b148f13ab05fa8499b71593a25febf40, findElement {using=xpath, value=//a[@class='ico-logout']}]
Capabilities {acceptInsecureCerts: false, browserName: chrome, browserVersion: 101.0.4951.67, chrome: {chromedriverVersion: 101.0.4951.41 (93c720db8323..., userDataDir: C:\Users\nakra\AppData\Loca...}, goog:chromeOptions: {debuggerAddress: localhost:49972}, javascriptEnabled: true, networkConnectionEnabled: false, pageLoadStrategy: normal, platform: WINDOWS, platformName: WINDOWS, proxy: Proxy(), se:cdp: ws://localhost:49972/devtoo..., se:cdpVersion: 101.0.4951.67, setWindowRect: true, strictFileInteractability: false, timeouts: {implicit: 0, pageLoad: 300000, script: 30000}, unhandledPromptBehavior: dismiss and notify, webauthn:extension:credBlob: true, webauthn:extension:largeBlob: true, webauthn:virtualAuthenticators: true}
Session ID: b148f13ab05fa8499b71593a25febf40
	at sun.reflect.NativeConstructorAccessorImpl.newInstance0(Native Method)
	at sun.reflect.NativeConstructorAccessorImpl.newInstance(NativeConstructorAccessorImpl.java:62)
	at sun.reflect.DelegatingConstructorAccessorImpl.newInstance(DelegatingConstructorAccessorImpl.java:45)
	at java.lang.reflect.Constructor.newInstance(Constructor.java:423)
	at org.openqa.selenium.remote.codec.w3c.W3CHttpResponseCodec.createException(W3CHttpResponseCodec.java:200)
	at org.openqa.selenium.remote.codec.w3c.W3CHttpResponseCodec.decode(W3CHttpResponseCodec.java:133)
	at org.openqa.selenium.remote.codec.w3c.W3CHttpResponseCodec.decode(W3CHttpResponseCodec.java:53)
	at org.openqa.selenium.remote.HttpCommandExecutor.execute(HttpCommandExecutor.java:184)
	at org.openqa.selenium.remote.service.DriverCommandExecutor.invokeExecute(DriverCommandExecutor.java:164)
	at org.openqa.selenium.remote.service.DriverCommandExecutor.execute(DriverCommandExecutor.java:139)
	at org.openqa.selenium.remote.RemoteWebDriver.execute(RemoteWebDriver.java:559)
	at org.openqa.selenium.remote.ElementLocation$ElementFinder$2.findElement(ElementLocation.java:162)
	at org.openqa.selenium.remote.ElementLocation.findElement(ElementLocation.java:60)
	at org.openqa.selenium.remote.RemoteWebDriver.findElement(RemoteWebDriver.java:383)
	at org.openqa.selenium.remote.RemoteWebDriver.findElement(RemoteWebDriver.java:375)
	at org.openqa.selenium.support.pagefactory.DefaultElementLocator.findElement(DefaultElementLocator.java:70)
	at org.openqa.selenium.support.pagefactory.internal.LocatingElementHandler.invoke(LocatingElementHandler.java:39)
	at com.sun.proxy.$Proxy23.click(Unknown Source)
	at com.nopcommerce.demo.utility.Utility.clickOnElement(Utility.java:53)
	at com.nopcommerce.demo.pages.LoginHomePage.clickOnLogOut(LoginHomePage.java:26)
	at com.nopcommerce.demo.steps.LoginSteps.iClickOnLogOutLink(LoginSteps.java:72)
	at ✽.And I click on logOut link(login.feature:44)
</pre></div>
			
		</li>
		<li test-id='93' class='node then skip' status='skip'>
			
			<b>Then</b>
			
			<span class="bdd-step-name">Then I should be able to see log in link</span>
			<ul class='screenshots right'>
				<li><a data-featherlight="image" href="C:\Users\nakra\IdeaProjects\homework_week_15_project2/src/main/java/com/nopcommerce/demo/screenshots/Verify_That_User_Should_LogOut_SuccessFully20220517052729.png"><i class='material-icons'>panorama</i></a></li>
			</ul>
				<div class='pre'>skipped</div>
			
		</li>
	</ul>
</div>
					</div>
				</li>
				
				
				<li class='test displayed active has-leaf fail' status='fail' bdd='true' test-id='94'>
					<div class='test-heading'>
						<span class='test-name'>register Page test</span>
						<span class='test-time'>May 17, 2022 05:27:30 PM</span>
						<span class='test-status right fail'>fail</span>
					</div>
					<div class='test-content hide'>
<div class='scenario node' test-id='95' status='pass'>
	<span class='duration right label'>0h 0m 3s+812ms</span>
	<div class='desc'>
		<b>Scenario</b>
		<span class="desc-text">verify User Should Navigate To Register Page Successfully</span>
	</div>
	<ul class='steps'>
		<li test-id='96' class='node given pass' status='pass'>
			
			<b>Given</b>
			
			<span class="bdd-step-name">Given I am on home page for registration</span>
				<div class='pre'>passed</div>
			
		</li>
		<li test-id='97' class='node and pass' status='pass'>
			
			<b>And</b>
			
			<span class="bdd-step-name">And I click on register link</span>
				<div class='pre'>passed</div>
			
		</li>
		<li test-id='98' class='node then pass' status='pass'>
			
			<b>Then</b>
			
			<span class="bdd-step-name">Then I am on register page</span>
				<div class='pre'>passed</div>
			
		</li>
		<li test-id='99' class='node when pass' status='pass'>
			
			<b>When</b>
			
			<span class="bdd-step-name">When I click on register link</span>
				<div class='pre'>passed</div>
			
		</li>
		<li test-id='100' class='node then pass' status='pass'>
			
			<b>Then</b>
			
			<span class="bdd-step-name">Then I should be navigate to register page successfully</span>
				<div class='pre'>passed</div>
			
		</li>
		<li test-id='101' class='node and pass' status='pass'>
			
			<b>And</b>
			
			<span class="bdd-step-name">And I should be able to see register text</span>
				<div class='pre'>passed</div>
			
		</li>
	</ul>
</div>
<div class='scenariooutline node' test-id='102' status='pass'>
	<span class='duration right label'>0h 0m 3s+14ms</span>
	<div class='desc'>
		<b>ScenarioOutline</b>
		<span class="desc-text">verify That FirstName LastName Email Password And ConfirmPassword Fields Are Mandatory</span>
	</div>
	<ul class='steps'>
		<li test-id='103' class='node scenario pass' status='pass'>
			
			<b>Scenario</b>
			
			<span class="bdd-step-name">verify That FirstName LastName Email Password And ConfirmPassword Fields Are Mandatory</span>
			
				<ul class='steps'>
					<li test-id='104' class='node given pass' status='pass'><b>Given</b>
						<span class="bdd-step-name">Given I am on home page for registration</span>
							<div class='pre'>passed</div>
					</li>
					<li test-id='105' class='node and pass' status='pass'><b>And</b>
						<span class="bdd-step-name">And I click on register link</span>
							<div class='pre'>passed</div>
					</li>
					<li test-id='106' class='node then pass' status='pass'><b>Then</b>
						<span class="bdd-step-name">Then I am on register page</span>
							<div class='pre'>passed</div>
					</li>
					<li test-id='107' class='node when pass' status='pass'><b>When</b>
						<span class="bdd-step-name">When I click on Register button</span>
							<div class='pre'>passed</div>
					</li>
					<li test-id='108' class='node then pass' status='pass'><b>Then</b>
						<span class="bdd-step-name">Then I should get errror for first name field "First name is required." message</span>
							<div class='pre'>passed</div>
					</li>
					<li test-id='109' class='node and pass' status='pass'><b>And</b>
						<span class="bdd-step-name">And I should get  error for last name field "Last name is required." message</span>
							<div class='pre'>passed</div>
					</li>
					<li test-id='110' class='node and pass' status='pass'><b>And</b>
						<span class="bdd-step-name">And I should get error for email field "Email is required." message</span>
							<div class='pre'>passed</div>
					</li>
					<li test-id='111' class='node and pass' status='pass'><b>And</b>
						<span class="bdd-step-name">And I should get error for password  field "Password is required." message</span>
							<div class='pre'>passed</div>
					</li>
					<li test-id='112' class='node and pass' status='pass'><b>And</b>
						<span class="bdd-step-name">And I should get  error for confirm password field "Password is required." message</span>
							<div class='pre'>passed</div>
					</li>
				</ul>
		</li>
	</ul>
</div>
<div class='scenario node' test-id='113' status='fail'>
	<span class='duration right label'>0h 0m 2s+881ms</span>
	<div class='desc'>
		<b>Scenario</b>
		<span class="desc-text">verify That User Should Create Account Successfully</span>
	</div>
	<ul class='steps'>
		<li test-id='114' class='node given pass' status='pass'>
			
			<b>Given</b>
			
			<span class="bdd-step-name">Given I am on home page for registration</span>
				<div class='pre'>passed</div>
			
		</li>
		<li test-id='115' class='node and pass' status='pass'>
			
			<b>And</b>
			
			<span class="bdd-step-name">And I click on register link</span>
				<div class='pre'>passed</div>
			
		</li>
		<li test-id='116' class='node then pass' status='pass'>
			
			<b>Then</b>
			
			<span class="bdd-step-name">Then I am on register page</span>
				<div class='pre'>passed</div>
			
		</li>
		<li test-id='117' class='node when fail' status='fail'>
			
			<b>When</b>
			
			<span class="bdd-step-name">When I select gender "Female"</span>
				<div class='pre'><pre>cucumber.runtime.CucumberException: Arity mismatch: Step Definition 'com.nopcommerce.demo.steps.RegisterSteps.iSelectGenderFemale() in file:/C:/Users/nakra/IdeaProjects/homework_week_15_project2/target/test-classes/' with pattern [^I select gender "([^"]*)"$] is declared with 0 parameters. However, the gherkin step has 1 arguments [Female]. 
Step: When I select gender "Female"
	at cucumber.runtime.StepDefinitionMatch.arityMismatch(StepDefinitionMatch.java:102)
	at cucumber.runtime.StepDefinitionMatch.transformedArgs(StepDefinitionMatch.java:60)
	at cucumber.runtime.StepDefinitionMatch.runStep(StepDefinitionMatch.java:37)
	at cucumber.runtime.Runtime.runStep(Runtime.java:300)
	at cucumber.runtime.model.StepContainer.runStep(StepContainer.java:44)
	at cucumber.runtime.model.StepContainer.runSteps(StepContainer.java:39)
	at cucumber.runtime.model.CucumberScenario.run(CucumberScenario.java:44)
	at cucumber.runtime.junit.ExecutionUnitRunner.run(ExecutionUnitRunner.java:102)
	at cucumber.runtime.junit.FeatureRunner.runChild(FeatureRunner.java:63)
	at cucumber.runtime.junit.FeatureRunner.runChild(FeatureRunner.java:18)
	at org.junit.runners.ParentRunner$3.run(ParentRunner.java:238)
	at org.junit.runners.ParentRunner$1.schedule(ParentRunner.java:63)
	at org.junit.runners.ParentRunner.runChildren(ParentRunner.java:236)
	at org.junit.runners.ParentRunner.access$000(ParentRunner.java:53)
	at org.junit.runners.ParentRunner$2.evaluate(ParentRunner.java:229)
	at org.junit.runners.ParentRunner.run(ParentRunner.java:309)
	at cucumber.runtime.junit.FeatureRunner.run(FeatureRunner.java:70)
	at cucumber.api.junit.Cucumber.runChild(Cucumber.java:95)
	at cucumber.api.junit.Cucumber.runChild(Cucumber.java:38)
	at org.junit.runners.ParentRunner$3.run(ParentRunner.java:238)
	at org.junit.runners.ParentRunner$1.schedule(ParentRunner.java:63)
	at org.junit.runners.ParentRunner.runChildren(ParentRunner.java:236)
	at org.junit.runners.ParentRunner.access$000(ParentRunner.java:53)
	at org.junit.runners.ParentRunner$2.evaluate(ParentRunner.java:229)
	at org.junit.internal.runners.statements.RunAfters.evaluate(RunAfters.java:27)
	at org.junit.runners.ParentRunner.run(ParentRunner.java:309)
	at cucumber.api.junit.Cucumber.run(Cucumber.java:100)
	at org.junit.runner.JUnitCore.run(JUnitCore.java:160)
	at com.intellij.junit4.JUnit4IdeaTestRunner.startRunnerWithArgs(JUnit4IdeaTestRunner.java:69)
	at com.intellij.rt.junit.IdeaTestRunner$Repeater$1.execute(IdeaTestRunner.java:38)
	at com.intellij.rt.execution.junit.TestsRepeater.repeat(TestsRepeater.java:11)
	at com.intellij.rt.junit.IdeaTestRunner$Repeater.startRunnerWithArgs(IdeaTestRunner.java:35)
	at com.intellij.rt.junit.JUnitStarter.prepareStreamsAndStart(JUnitStarter.java:235)
	at com.intellij.rt.junit.JUnitStarter.main(JUnitStarter.java:54)
</pre></div>
			
		</li>
		<li test-id='118' class='node and skip' status='skip'>
			
			<b>And</b>
			
			<span class="bdd-step-name">And I Enter "Jalpa" FirstName</span>
				<div class='pre'>skipped</div>
			
		</li>
		<li test-id='119' class='node and skip' status='skip'>
			
			<b>And</b>
			
			<span class="bdd-step-name">And I Enter "Nakrani" LastName</span>
				<div class='pre'>skipped</div>
			
		</li>
		<li test-id='120' class='node and skip' status='skip'>
			
			<b>And</b>
			
			<span class="bdd-step-name">And I select "30" Day</span>
				<div class='pre'>skipped</div>
			
		</li>
		<li test-id='121' class='node and skip' status='skip'>
			
			<b>And</b>
			
			<span class="bdd-step-name">And I select "November"Month</span>
				<div class='pre'>skipped</div>
			
		</li>
		<li test-id='122' class='node and skip' status='skip'>
			
			<b>And</b>
			
			<span class="bdd-step-name">And I select "1987" Year</span>
				<div class='pre'>skipped</div>
			
		</li>
		<li test-id='123' class='node and skip' status='skip'>
			
			<b>And</b>
			
			<span class="bdd-step-name">And I enter valid email "nakranijalpa@gmail.com" in email registration field  for register</span>
				<div class='pre'>skipped</div>
			
		</li>
		<li test-id='124' class='node and skip' status='skip'>
			
			<b>And</b>
			
			<span class="bdd-step-name">And I enter valid password "123456" in password registration field for register</span>
				<div class='pre'>skipped</div>
			
		</li>
		<li test-id='125' class='node and skip' status='skip'>
			
			<b>And</b>
			
			<span class="bdd-step-name">And I enter valid confirmpassword "123456" in confirmpassword field for register</span>
				<div class='pre'>undefined</div>
			
		</li>
		<li test-id='126' class='node and skip' status='skip'>
			
			<b>And</b>
			
			<span class="bdd-step-name">And I click on Register button</span>
				<div class='pre'>skipped</div>
			
		</li>
		<li test-id='127' class='node then skip' status='skip'>
			
			<b>Then</b>
			
			<span class="bdd-step-name">Then I should creat account successfully</span>
				<div class='pre'>skipped</div>
			
		</li>
		<li test-id='128' class='node and skip' status='skip'>
			
			<b>And</b>
			
			<span class="bdd-step-name">And I should able to see Your registration completed message</span>
			<ul class='screenshots right'>
				<li><a data-featherlight="image" href="C:\Users\nakra\IdeaProjects\homework_week_15_project2/src/main/java/com/nopcommerce/demo/screenshots/verify_That_User_Should_Create_Account_Successfully20220517052741.png"><i class='material-icons'>panorama</i></a></li>
			</ul>
				<div class='pre'>skipped</div>
			
		</li>
	</ul>
</div>
					</div>
				</li>
			</ul>
		</div>
	</div>
	<!-- subview left -->

	<div class='subview-right left'>
		<div class='view-summary'>
			<h5 class='test-name'></h5>

			<div id='step-filters' class="right">
				<span class="blue-text" status="info" alt="info" title="info"><i class="material-icons">info_outline</i></span>
				<span class="green-text" status="pass" alt="pass" title="pass"><i class="material-icons">check_circle</i></span>
				<span class="red-text" status="fail" alt="fail" title="fail"><i class="material-icons">cancel</i></span>
				<span class="red-text text-darken-4" status="fatal" alt="fatal" title="fatal"><i class="material-icons">cancel</i></span>
				<span class="pink-text text-lighten-1" status="error" alt="error" title="error"><i class="material-icons">error</i></span>
				<span class="orange-text" alt="warning" status="warning" title="warning"><i class="material-icons">warning</i></span>
				<span class="teal-text" status="skip" alt="skip" title="skip"><i class="material-icons">redo</i></span>
				<span status="clear" alt="Clear filters" title="Clear filters"><i class="material-icons">clear</i></span>
			</div>
		</div>
	</div>
	<!-- subview right -->

</div>
<!-- test view -->
<div id='category-view' class='view hide'>

	<section id='controls'>
		<div class='controls grey lighten-4'>
			<!-- search -->
			<div class='chip transparent' alt='Search Tests' title='Search Tests'>
				<a href="#" class='search-div'>
					<i class='material-icons'>search</i> Search
				</a>
				
				<div class='input-field left hide'>
					<input id='search-tests' type='text' class='validate browser-default' placeholder='Search Tests...'>
				</div>
				
			</div>
			<!-- search -->
		</div>
	</section>

	<div class='subview-left left'>
		
		<div class='view-summary'>
			<h5>Categories</h3>
			<ul id='category-collection' class='category-collection'>
				
				<li class='category displayed active'>
					<div class='category-heading'>
						<span class='category-name'>@sanity</span>
						<span class='category-status right'>
							<span class='label pass'>1</span>
						</span>
					</div>
					<div class='category-content hide'>
						<div class='category-status-counts'>
							<span class='label green accent-4 white-text'>Passed: 1</span>
							
							
						</div>
					
						<div class='category-tests'>
							<table class='bordered table-results'>
								<thead>
									<tr>
										<th>Timestamp</th>
										<th>TestName</th>
										<th>Status</th>
									</tr>
								</thead>
								<tbody>
									<tr>
										<td>May 17, 2022 05:25:40 PM</td>
										<td class='linked' test-id='4'>computer page test.verify User Should Navigate To Desktops Page Successfully</td>
										<td><span class='test-status pass'>pass</span></td>
									</tr>
								</tbody>
							</table>
						</div>
					</div>
				</li>

			</ul>
		</div>
	</div>

	<div class='subview-right left'>
		<div class='view-summary'>
			<h5 class='category-name'></h5>
		</div>
	</div>
</div>
<!-- category view -->
<div id='exception-view' class='view hide'>

    <section id='controls'>
        <div class='controls grey lighten-4'>
            <!-- search -->
            <div class='chip transparent' alt='Search Tests' title='Search Tests'>
                <a href="#" class='search-div'>
                    <i class='material-icons'>search</i> Search
                </a>

                <div class='input-field left hide'>
                    <input id='search-tests' type='text' class='validate browser-default' placeholder='Search Tests...'>
                </div>

            </div>
            <!-- search -->
        </div>
    </section>

    <div class='subview-left left'>

        <div class='view-summary'>
            <h5>Exceptions</h3>
                <ul id='exception-collection' class='exception-collection'>

                        <li class='exception displayed active'>
                            <div class='exception-heading'>
                                <span class='exception-name'>org.openqa.selenium.NoSuchElementException</span>
                                <span class='exception-count right'><span class='label red lighten-1 white-text'>2</span></span>
                            </div>
                            <div class='exception-content hide'>
                                <div class='exception-tests'>
                                    <table class='bordered table-results'>
                                        <thead>
                                        <tr>
                                            <th>Timestamp</th>
                                            <th>TestName</th>
                                            <th>Status</th>
                                        </tr>
                                        </thead>
                                        <tbody>
                                                    <tr>
                                                        <td>May 17, 2022 05:26:24 PM</td>
                                                        <td class='linked' test-id='84'>Login Test.User should login successfuly with valid credentials.And Logout Button should be displayed</td>
                                                        <td><pre><pre>org.openqa.selenium.NoSuchElementException: no such element: Unable to locate element: {"method":"xpath","selector":"//a[@class='ico-logout']"}
  (Session info: chrome=101.0.4951.67)
For documentation on this error, please visit: https://selenium.dev/exceptions/#no_such_element
Build info: version: '4.0.0', revision: '3a21814679'
System info: host: 'LAPTOP-09BGILIP', ip: '192.168.0.19', os.name: 'Windows 10', os.arch: 'amd64', os.version: '10.0', java.version: '1.8.0_121'
Driver info: org.openqa.selenium.chrome.ChromeDriver
Command: [d2061a4434a97efc5b8c0d83842519f6, findElement {using=xpath, value=//a[@class='ico-logout']}]
Capabilities {acceptInsecureCerts: false, browserName: chrome, browserVersion: 101.0.4951.67, chrome: {chromedriverVersion: 101.0.4951.41 (93c720db8323..., userDataDir: C:\Users\nakra\AppData\Loca...}, goog:chromeOptions: {debuggerAddress: localhost:49831}, javascriptEnabled: true, networkConnectionEnabled: false, pageLoadStrategy: normal, platform: WINDOWS, platformName: WINDOWS, proxy: Proxy(), se:cdp: ws://localhost:49831/devtoo..., se:cdpVersion: 101.0.4951.67, setWindowRect: true, strictFileInteractability: false, timeouts: {implicit: 0, pageLoad: 300000, script: 30000}, unhandledPromptBehavior: dismiss and notify, webauthn:extension:credBlob: true, webauthn:extension:largeBlob: true, webauthn:virtualAuthenticators: true}
Session ID: d2061a4434a97efc5b8c0d83842519f6
	at sun.reflect.NativeConstructorAccessorImpl.newInstance0(Native Method)
	at sun.reflect.NativeConstructorAccessorImpl.newInstance(NativeConstructorAccessorImpl.java:62)
	at sun.reflect.DelegatingConstructorAccessorImpl.newInstance(DelegatingConstructorAccessorImpl.java:45)
	at java.lang.reflect.Constructor.newInstance(Constructor.java:423)
	at org.openqa.selenium.remote.codec.w3c.W3CHttpResponseCodec.createException(W3CHttpResponseCodec.java:200)
	at org.openqa.selenium.remote.codec.w3c.W3CHttpResponseCodec.decode(W3CHttpResponseCodec.java:133)
	at org.openqa.selenium.remote.codec.w3c.W3CHttpResponseCodec.decode(W3CHttpResponseCodec.java:53)
	at org.openqa.selenium.remote.HttpCommandExecutor.execute(HttpCommandExecutor.java:184)
	at org.openqa.selenium.remote.service.DriverCommandExecutor.invokeExecute(DriverCommandExecutor.java:164)
	at org.openqa.selenium.remote.service.DriverCommandExecutor.execute(DriverCommandExecutor.java:139)
	at org.openqa.selenium.remote.RemoteWebDriver.execute(RemoteWebDriver.java:559)
	at org.openqa.selenium.remote.ElementLocation$ElementFinder$2.findElement(ElementLocation.java:162)
	at org.openqa.selenium.remote.ElementLocation.findElement(ElementLocation.java:60)
	at org.openqa.selenium.remote.RemoteWebDriver.findElement(RemoteWebDriver.java:383)
	at org.openqa.selenium.remote.RemoteWebDriver.findElement(RemoteWebDriver.java:375)
	at org.openqa.selenium.support.pagefactory.DefaultElementLocator.findElement(DefaultElementLocator.java:70)
	at org.openqa.selenium.support.pagefactory.internal.LocatingElementHandler.invoke(LocatingElementHandler.java:39)
	at com.sun.proxy.$Proxy23.isDisplayed(Unknown Source)
	at com.nopcommerce.demo.pages.LoginHomePage.logOutButonDisplayed(LoginHomePage.java:23)
	at com.nopcommerce.demo.steps.LoginSteps.logoutButtonShouldBeDisplayed(LoginSteps.java:67)
	at ✽.And Logout Button should be displayed(login.feature:34)
</pre></pre></td>
                                                    </tr>
                                                    <tr>
                                                        <td>May 17, 2022 05:27:09 PM</td>
                                                        <td class='linked' test-id='92'>Login Test.Verify That User Should LogOut SuccessFully.And I click on logOut link</td>
                                                        <td><pre><pre>org.openqa.selenium.NoSuchElementException: no such element: Unable to locate element: {"method":"xpath","selector":"//a[@class='ico-logout']"}
  (Session info: chrome=101.0.4951.67)
For documentation on this error, please visit: https://selenium.dev/exceptions/#no_such_element
Build info: version: '4.0.0', revision: '3a21814679'
System info: host: 'LAPTOP-09BGILIP', ip: '192.168.0.19', os.name: 'Windows 10', os.arch: 'amd64', os.version: '10.0', java.version: '1.8.0_121'
Driver info: org.openqa.selenium.chrome.ChromeDriver
Command: [b148f13ab05fa8499b71593a25febf40, findElement {using=xpath, value=//a[@class='ico-logout']}]
Capabilities {acceptInsecureCerts: false, browserName: chrome, browserVersion: 101.0.4951.67, chrome: {chromedriverVersion: 101.0.4951.41 (93c720db8323..., userDataDir: C:\Users\nakra\AppData\Loca...}, goog:chromeOptions: {debuggerAddress: localhost:49972}, javascriptEnabled: true, networkConnectionEnabled: false, pageLoadStrategy: normal, platform: WINDOWS, platformName: WINDOWS, proxy: Proxy(), se:cdp: ws://localhost:49972/devtoo..., se:cdpVersion: 101.0.4951.67, setWindowRect: true, strictFileInteractability: false, timeouts: {implicit: 0, pageLoad: 300000, script: 30000}, unhandledPromptBehavior: dismiss and notify, webauthn:extension:credBlob: true, webauthn:extension:largeBlob: true, webauthn:virtualAuthenticators: true}
Session ID: b148f13ab05fa8499b71593a25febf40
	at sun.reflect.NativeConstructorAccessorImpl.newInstance0(Native Method)
	at sun.reflect.NativeConstructorAccessorImpl.newInstance(NativeConstructorAccessorImpl.java:62)
	at sun.reflect.DelegatingConstructorAccessorImpl.newInstance(DelegatingConstructorAccessorImpl.java:45)
	at java.lang.reflect.Constructor.newInstance(Constructor.java:423)
	at org.openqa.selenium.remote.codec.w3c.W3CHttpResponseCodec.createException(W3CHttpResponseCodec.java:200)
	at org.openqa.selenium.remote.codec.w3c.W3CHttpResponseCodec.decode(W3CHttpResponseCodec.java:133)
	at org.openqa.selenium.remote.codec.w3c.W3CHttpResponseCodec.decode(W3CHttpResponseCodec.java:53)
	at org.openqa.selenium.remote.HttpCommandExecutor.execute(HttpCommandExecutor.java:184)
	at org.openqa.selenium.remote.service.DriverCommandExecutor.invokeExecute(DriverCommandExecutor.java:164)
	at org.openqa.selenium.remote.service.DriverCommandExecutor.execute(DriverCommandExecutor.java:139)
	at org.openqa.selenium.remote.RemoteWebDriver.execute(RemoteWebDriver.java:559)
	at org.openqa.selenium.remote.ElementLocation$ElementFinder$2.findElement(ElementLocation.java:162)
	at org.openqa.selenium.remote.ElementLocation.findElement(ElementLocation.java:60)
	at org.openqa.selenium.remote.RemoteWebDriver.findElement(RemoteWebDriver.java:383)
	at org.openqa.selenium.remote.RemoteWebDriver.findElement(RemoteWebDriver.java:375)
	at org.openqa.selenium.support.pagefactory.DefaultElementLocator.findElement(DefaultElementLocator.java:70)
	at org.openqa.selenium.support.pagefactory.internal.LocatingElementHandler.invoke(LocatingElementHandler.java:39)
	at com.sun.proxy.$Proxy23.click(Unknown Source)
	at com.nopcommerce.demo.utility.Utility.clickOnElement(Utility.java:53)
	at com.nopcommerce.demo.pages.LoginHomePage.clickOnLogOut(LoginHomePage.java:26)
	at com.nopcommerce.demo.steps.LoginSteps.iClickOnLogOutLink(LoginSteps.java:72)
	at ✽.And I click on logOut link(login.feature:44)
</pre></pre></td>
                                                    </tr>
                                        </tbody>
                                    </table>
                                </div>
                            </div>
                        </li>
                        <li class='exception displayed active'>
                            <div class='exception-heading'>
                                <span class='exception-name'>cucumber.runtime.CucumberException</span>
                                <span class='exception-count right'><span class='label red lighten-1 white-text'>1</span></span>
                            </div>
                            <div class='exception-content hide'>
                                <div class='exception-tests'>
                                    <table class='bordered table-results'>
                                        <thead>
                                        <tr>
                                            <th>Timestamp</th>
                                            <th>TestName</th>
                                            <th>Status</th>
                                        </tr>
                                        </thead>
                                        <tbody>
                                                    <tr>
                                                        <td>May 17, 2022 05:27:41 PM</td>
                                                        <td class='linked' test-id='117'>register Page test.verify That User Should Create Account Successfully.When I select gender "Female"</td>
                                                        <td><pre><pre>cucumber.runtime.CucumberException: Arity mismatch: Step Definition 'com.nopcommerce.demo.steps.RegisterSteps.iSelectGenderFemale() in file:/C:/Users/nakra/IdeaProjects/homework_week_15_project2/target/test-classes/' with pattern [^I select gender "([^"]*)"$] is declared with 0 parameters. However, the gherkin step has 1 arguments [Female]. 
Step: When I select gender "Female"
	at cucumber.runtime.StepDefinitionMatch.arityMismatch(StepDefinitionMatch.java:102)
	at cucumber.runtime.StepDefinitionMatch.transformedArgs(StepDefinitionMatch.java:60)
	at cucumber.runtime.StepDefinitionMatch.runStep(StepDefinitionMatch.java:37)
	at cucumber.runtime.Runtime.runStep(Runtime.java:300)
	at cucumber.runtime.model.StepContainer.runStep(StepContainer.java:44)
	at cucumber.runtime.model.StepContainer.runSteps(StepContainer.java:39)
	at cucumber.runtime.model.CucumberScenario.run(CucumberScenario.java:44)
	at cucumber.runtime.junit.ExecutionUnitRunner.run(ExecutionUnitRunner.java:102)
	at cucumber.runtime.junit.FeatureRunner.runChild(FeatureRunner.java:63)
	at cucumber.runtime.junit.FeatureRunner.runChild(FeatureRunner.java:18)
	at org.junit.runners.ParentRunner$3.run(ParentRunner.java:238)
	at org.junit.runners.ParentRunner$1.schedule(ParentRunner.java:63)
	at org.junit.runners.ParentRunner.runChildren(ParentRunner.java:236)
	at org.junit.runners.ParentRunner.access$000(ParentRunner.java:53)
	at org.junit.runners.ParentRunner$2.evaluate(ParentRunner.java:229)
	at org.junit.runners.ParentRunner.run(ParentRunner.java:309)
	at cucumber.runtime.junit.FeatureRunner.run(FeatureRunner.java:70)
	at cucumber.api.junit.Cucumber.runChild(Cucumber.java:95)
	at cucumber.api.junit.Cucumber.runChild(Cucumber.java:38)
	at org.junit.runners.ParentRunner$3.run(ParentRunner.java:238)
	at org.junit.runners.ParentRunner$1.schedule(ParentRunner.java:63)
	at org.junit.runners.ParentRunner.runChildren(ParentRunner.java:236)
	at org.junit.runners.ParentRunner.access$000(ParentRunner.java:53)
	at org.junit.runners.ParentRunner$2.evaluate(ParentRunner.java:229)
	at org.junit.internal.runners.statements.RunAfters.evaluate(RunAfters.java:27)
	at org.junit.runners.ParentRunner.run(ParentRunner.java:309)
	at cucumber.api.junit.Cucumber.run(Cucumber.java:100)
	at org.junit.runner.JUnitCore.run(JUnitCore.java:160)
	at com.intellij.junit4.JUnit4IdeaTestRunner.startRunnerWithArgs(JUnit4IdeaTestRunner.java:69)
	at com.intellij.rt.junit.IdeaTestRunner$Repeater$1.execute(IdeaTestRunner.java:38)
	at com.intellij.rt.execution.junit.TestsRepeater.repeat(TestsRepeater.java:11)
	at com.intellij.rt.junit.IdeaTestRunner$Repeater.startRunnerWithArgs(IdeaTestRunner.java:35)
	at com.intellij.rt.junit.JUnitStarter.prepareStreamsAndStart(JUnitStarter.java:235)
	at com.intellij.rt.junit.JUnitStarter.main(JUnitStarter.java:54)
</pre></pre></td>
                                                    </tr>
                                        </tbody>
                                    </table>
                                </div>
                            </div>
                        </li>
                </ul>
        </div>
    </div>

    <div class='subview-right left'>
        <div class='view-summary'>
            <h5 class='exception-name'></h5>
        </div>
    </div>
</div>
<!-- exception view -->
<div id='dashboard-view' class='view hide'>
	<div class='card-panel transparent np-v'>
		<h5>Dashboard</h5>

		<div class='row'>
			<div class='col s2'>
				<div class='card-panel r'>
					Features
					<div class='panel-lead'>3</div>
				</div>
			</div>
			<div class='col s2'>
				<div class='card-panel r'>
					Scenarios
					<div class='panel-lead'>14</div>
				</div>
			</div>
			<div class='col s2'>
				<div class='card-panel r'>
					Steps
					<div class='panel-lead'>108</div>
				</div>
			</div>
			<div class='col s2'>
				<div class='card-panel r'>
					Start
					<div class='panel-lead'>May 17, 2022 05:25:34 PM</div>
				</div>
			</div>
			<div class='col s2'>
				<div class='card-panel r'>
			 		End
			 		<div class='panel-lead'>May 17, 2022 05:27:42 PM</div>
				</div>
			</div>
			<div class='col s2'>
				<div class='card-panel r'>
					Time Taken
					<div class='panel-lead'>127,634ms</div>
				</div>
			</div>
			<div class='col s4'>
				<div class='card-panel dashboard-environment'>
					<span class='right label cyan white-text'>Environment</span><p>&nbsp;</p>
					
					<table>
						<tr>
							<th>Name</th>
							<th>Value</th>
						</tr>
							<tr>
								<td>User Name</td>
								<td>nakra</td>
							</tr>
							<tr>
								<td>Time Zone</td>
								<td>Europe/London</td>
							</tr>
							<tr>
								<td>Machine</td>
								<td>Windows 1064 Bit</td>
							</tr>
							<tr>
								<td>Selenium</td>
								<td>3.141.59</td>
							</tr>
							<tr>
								<td>Maven</td>
								<td>3.5.9</td>
							</tr>
							<tr>
								<td>Java Version</td>
								<td>1.8.0_151</td>
							</tr>
					</table>
				</div>
			</div>
			<div class='col s6'>
				<div class='card-panel dashboard-categories'>
					<span class='right label cyan white-text'>Categories</span><p>&nbsp;</p>
					
					<table>
						<tr>
							<th>Name</th>
							<th>Passed</th>
							<th>Failed</th>
							<th>Others</th>
							<th>Passed %</th>
						</tr>
						<tr>
							<td>@sanity</td>
							<td>1</td>
							<td>0</td>
							<td>0</td>
							<td>
									100%
							</td>
						</tr>
					</table>
				</div>
			</div>
		</div>
	</div>
</div>
<!-- dashboard view -->
<!-- testrunner-logs view -->
		</div>
		<!-- container -->

		<script>
			var statusGroup = {
				passParent: 1,
				failParent: 2,
				fatalParent: 0,
				errorParent: 0,
				warningParent: 0,
				skipParent: 0,
				exceptionsParent: 2,
				
				passChild: 11,
				failChild: 3,
				fatalChild: 0,
				errorChild: 0,
				warningChild: 0,
				skipChild: 0,
				infoChild: 0,
				exceptionsChild: 3,
				
				passGrandChild: 93,
				failGrandChild: 3,
				fatalGrandChild: 0,
				errorGrandChild: 0,
				warningGrandChild: 0,
				skipGrandChild: 12,
				infoGrandChild: 0,
				exceptionsGrandChild: 15,
			};
		</script>
		
			<script src='https://cdn.rawgit.com/anshooarora/extentreports-java/fca20fb7653aade98810546ab96a2a4360e3e712/dist/js/extent.js' type='text/javascript'></script>
		
		
 		<script type='text/javascript'>
 			
            
        $(document).ready(function() {

        });
      
        
 		</script>
	</body>
	
</html>
